G:\C_Project\ESurfingClient\cmake-build-debug\ESurfingClient.exe -u 15361362230 -p A1234567
手机号：15361362230
密码：A1234567
需要认证
=== ZSM数据分析 ===
数据长度: 138 字节
原始字符串: '001`AC46CCDB3F3580185B5195CA84BF7871C9A6BCBB4E891293E3D1A16A5BBB8DE53EED9284A3D6C441B377ECB98231CB05$ED382482-F72C-4C41-A76D-28EEA0F1F2AF]'
十六进制数据: 30 30 31 60 41 43 34 36 43 43 44 42 33 46 33 35
                38 30 31 38 35 42 35 31 39 35 43 41 38 34 42 46
                37 38 37 31 43 39 41 36 42 43 42 42 34 45 38 39
                31 32 39 33 45 33 44 31 41 31 36 41 35 42 42 42
                38 44 45 35 33 45 45 44 39 32 38 34 41 33 44 36
                43 34 34 31 42 33 37 37 45 43 42 39 38 32 33 31
                43 42 30 35 24 45 44 33 38 32 34 38 32 2D 46 37
                32 43 2D 34 43 34 31 2D 41 37 36 44 2D 32 38 45
                45 41 30 46 31 46 32 41 46 5D
ASCII可见字符: 001`AC46CCDB3F3580185B5195CA84BF7871C9A6BCBB4E891293E3D1A16A5BBB8DE53EED9284A3D6C441B377ECB98231CB05$ED382482-F72C-4C41-A76D-28EEA0F1F2AF]

=== 数据结构解析 ===
头部 (前3字节): 30 30 31 ('001')
密钥长度 (第4字节): 96
密钥数据: 41 43 34 36 43 43 44 42 33 46 33 35 38 30 31 38 35 42 35 31 39 35 43 41 38 34 42 46 37 38 37 31 43 39 41 36 42 43 42 42 34 45 38 39 31 32 39 33 45 33 44 31 41 31 36 41 35 42 42 42 38 44 45 35 33 45 45 44 39 32 38 34 41 33 44 36 43 34 34 31 42 33 37 37 45 43 42 39 38 32 33 31 43 42 30 35
算法ID长度: 36
算法ID: ED382482-F72C-4C41-A76D-28EEA0F1F2AF
==================

Initializing Session...

=== load_session 调试信息 ===
接收到的zsm数据长度: 138
头部信息: '001' (十六进制: 30 30 31)
密钥长度: 96
密钥: 'AC46CCDB3F3580185B5195CA84BF7871C9A6BCBB4E891293E3D1A16A5BBB8DE53EED9284A3D6C441B377ECB98231CB05'
算法ID长度: 36
算法ID: 'ED382482-F72C-4C41-A76D-28EEA0F1F2AF'
正在初始化加密器...
加密器初始化成功
全局algoId已更新: 'ED382482-F72C-4C41-A76D-28EEA0F1F2AF'
Session加载成功!
========================

Client IP: 172.19.215.21
AC IP: 14.148.0.67
生成的XML Payload:
<?xml version="1.0" encoding="utf-8"?>
<request>
    <user-agent>CCTP/android64_vpn/2093</user-agent>
    <client-id>0d56a952-ce33-4dac-8abd-70e95220cb56</client-id>
    <local-time>2025-09-25 18:03:23</local-time>
    <host-name>eS3ip2IlQk</host-name>
    <ipv4>172.19.215.21</ipv4>
    <ipv6></ipv6>
    <mac>2a:6f:2d:2a:ed:47</mac>
    <ostag>eS3ip2IlQk</ostag>
    <gwip>14.148.0.67</gwip>
</request>
ClientId: 0d56a952-ce33-4dac-8abd-70e95220cb56
algoID: ED382482-F72C-4C41-A76D-28EEA0F1F2AF
macAddress: 2a:6f:2d:2a:ed:47
authUrl: http://14.146.227.141:7001/auth.cgi
ticketUrl: http://14.146.227.141:7001/ticket.cgi?wlanuserip=172.19.215.21&wlanacip=14.148.0.67&portal_node=http://125.88.59.131:10002

进程已结束，退出代码为 1